<?xml version="1.0" encoding="UTF-8"?>
<!-- Generated by org.testng.reporters.JUnitReportReporter -->
<testsuite skipped="0" hostname="DESKTOP-OH01A5P" name="trello.get_AllBoards" tests="1" failures="0" timestamp="2021-09-22T15:48:35 IST" time="3.370" errors="0">
  <testcase name="testBoardForAUser" time="3.370" classname="trello.get_AllBoards"/>
  <system-out/>
</testsuite> <!-- trello.get_AllBoards -->
