<?xml version="1.0" encoding="UTF-8"?>
<!-- Generated by org.testng.reporters.JUnitReportReporter -->
<testsuite skipped="0" hostname="DESKTOP-OH01A5P" name="openweathermap.Test_Get_Weather_By_City2_Orginzed2_testNg" tests="1" failures="0" timestamp="2021-09-22T12:39:04 IST" time="2.869" errors="0">
  <testcase name="testWeatherForNewDelhi" time="2.869" classname="openweathermap.Test_Get_Weather_By_City2_Orginzed2_testNg"/>
  <system-out/>
</testsuite> <!-- openweathermap.Test_Get_Weather_By_City2_Orginzed2_testNg -->
