<?xml version="1.0" encoding="UTF-8"?>
<!-- Generated by org.testng.reporters.JUnitReportReporter -->
<testsuite skipped="0" hostname="DESKTOP-Q86DTG7" name="Execise2_Rest_API.Post_Request" tests="1" failures="0" timestamp="20 Sep 2021 04:53:52 GMT" time="2.851" errors="0">
  <testcase name="postAPIAutomation" time="2.851" classname="Execise2_Rest_API.Post_Request"/>
</testsuite> <!-- Execise2_Rest_API.Post_Request -->
