<?xml version="1.0" encoding="UTF-8"?>
<!-- Generated by org.testng.reporters.JUnitReportReporter -->
<testsuite skipped="0" hostname="DESKTOP-Q86DTG7" name="Execise2_Rest_API.Get2_Request" tests="1" failures="0" timestamp="20 Sep 2021 04:55:06 GMT" time="2.534" errors="0">
  <testcase name="get2WhetherDetails" time="2.534" classname="Execise2_Rest_API.Get2_Request"/>
</testsuite> <!-- Execise2_Rest_API.Get2_Request -->
